#
# There is insufficient memory for the Java Runtime Environment to continue.
# Native memory allocation (malloc) failed to allocate 1914880 bytes for Chunk::new
# Possible reasons:
#   The system is out of physical RAM or swap space
#   The process is running with CompressedOops enabled, and the Java Heap may be blocking the growth of the native heap
# Possible solutions:
#   Reduce memory load on the system
#   Increase physical memory or swap space
#   Check if swap backing store is full
#   Decrease Java heap size (-Xmx/-Xms)
#   Decrease number of Java threads
#   Decrease Java thread stack sizes (-Xss)
#   Set larger code cache with -XX:ReservedCodeCacheSize=
#   JVM is running with Unscaled Compressed Oops mode in which the Java heap is
#     placed in the first 4GB address space. The Java Heap base address is the
#     maximum limit for the native heap growth. Please use -XX:HeapBaseMinAddress
#     to set the Java Heap base and to place the Java Heap above 4GB virtual address.
# This output file may be truncated or incomplete.
#
#  Out of Memory Error (allocation.cpp:389), pid=1628, tid=0x00000000000025cc
#
# JRE version: OpenJDK Runtime Environment (8.0_202-b03) (build 1.8.0_202-release-1483-b03)
# Java VM: OpenJDK 64-Bit Server VM (25.202-b03 mixed mode windows-amd64 compressed oops)
# Failed to write core dump. Minidumps are not enabled by default on client versions of Windows
#

---------------  T H R E A D  ---------------

Current thread (0x000000001606c000):  JavaThread "C2 CompilerThread1" daemon [_thread_in_native, id=9676, stack(0x00000000177c0000,0x00000000178c0000)]

Stack: [0x00000000177c0000,0x00000000178c0000]
[error occurred during error reporting (printing stack bounds), id 0xc0000005]

Native frames: (J=compiled Java code, j=interpreted, Vv=VM code, C=native code)


Current CompileTask:
C2:2857516 16796 % !   4       com.android.tools.r8.dex.c::b @ 13 (2274 bytes)


---------------  P R O C E S S  ---------------

Java Threads: ( => current thread )
  0x000000002249d000 JavaThread "Cache worker for Java compile cache (C:\Users\Admin\Desktop\DocBaoOnline\.gradle\5.4.1\javaCompile)" [_thread_blocked, id=6464, stack(0x0000000025230000,0x0000000025330000)]
  0x000000002249f000 JavaThread "Cache worker for Java compile cache (C:\Users\Admin\.gradle\caches\5.4.1\javaCompile)" [_thread_blocked, id=5008, stack(0x0000000023ae0000,0x0000000023be0000)]
  0x000000002249c000 JavaThread "stdout" [_thread_in_native, id=352, stack(0x0000000024f30000,0x0000000025030000)]
  0x000000001f78f800 JavaThread "stdout" [_thread_in_native, id=10192, stack(0x0000000024e30000,0x0000000024f30000)]
  0x000000001f78e800 JavaThread "stderr" [_thread_in_native, id=8604, stack(0x0000000024d30000,0x0000000024e30000)]
  0x000000001f78e000 JavaThread "stdout" [_thread_in_native, id=9124, stack(0x0000000024c30000,0x0000000024d30000)]
  0x000000001f78d000 JavaThread "stderr" [_thread_in_native, id=3772, stack(0x0000000024b30000,0x0000000024c30000)]
  0x000000001f78c800 JavaThread "stderr" [_thread_in_native, id=4240, stack(0x0000000024a30000,0x0000000024b30000)]
  0x000000001f78b000 JavaThread "stdout" [_thread_in_native, id=9628, stack(0x0000000024930000,0x0000000024a30000)]
  0x000000001f784800 JavaThread "stderr" [_thread_in_native, id=6968, stack(0x0000000024610000,0x0000000024710000)]
  0x000000001f78b800 JavaThread "pool-4-thread-1" [_thread_blocked, id=9508, stack(0x00000000244e0000,0x00000000245e0000)]
  0x000000001f78a000 JavaThread "MarlinRenderer Disposer" daemon [_thread_blocked, id=304, stack(0x00000000243e0000,0x00000000244e0000)]
  0x000000001f782800 JavaThread "WorkerExecutor Queue Thread 5" [_thread_blocked, id=2720, stack(0x0000000024830000,0x0000000024930000)]
  0x000000001f789800 JavaThread "Java2D Disposer" daemon [_thread_blocked, id=11040, stack(0x0000000024730000,0x0000000024830000)]
  0x000000001f781800 JavaThread "WorkerExecutor Queue Thread 4" [_thread_blocked, id=7372, stack(0x0000000023ce0000,0x0000000023de0000)]
  0x000000001f785800 JavaThread "WorkerExecutor Queue" [_thread_blocked, id=1164, stack(0x00000000237e0000,0x00000000238e0000)]
  0x000000001f788800 JavaThread "Cache worker for execution history cache (C:\Users\Admin\Desktop\DocBaoOnline\.gradle\5.4.1\executionHistory)" [_thread_blocked, id=7252, stack(0x00000000234d0000,0x00000000235d0000)]
  0x000000001f781000 JavaThread "Execution worker for ':' Thread 3" [_thread_blocked, id=10584, stack(0x00000000236e0000,0x00000000237e0000)]
  0x000000001f787000 JavaThread "Execution worker for ':' Thread 2" [_thread_blocked, id=1712, stack(0x00000000235e0000,0x00000000236e0000)]
  0x0000000018def000 JavaThread "Execution worker for ':'" [_thread_in_native, id=7092, stack(0x00000000231d0000,0x00000000232d0000)]
  0x0000000018df5000 JavaThread "Cache worker for file content cache (C:\Users\Admin\Desktop\DocBaoOnline\.gradle\5.4.1\fileContent)" [_thread_blocked, id=696, stack(0x00000000230d0000,0x00000000231d0000)]
  0x000000001da22800 JavaThread "Cache worker for file content cache (C:\Users\Admin\.gradle\caches\5.4.1\fileContent)" [_thread_blocked, id=10576, stack(0x0000000022fd0000,0x00000000230d0000)]
  0x000000001da20800 JavaThread "Cache worker for Build Output Cleanup Cache (C:\Users\Admin\Desktop\DocBaoOnline\.gradle\buildOutputCleanup)" [_thread_blocked, id=7388, stack(0x0000000021cc0000,0x0000000021dc0000)]
  0x000000001da1f800 JavaThread "pool-3-thread-1" [_thread_blocked, id=9196, stack(0x0000000020ec0000,0x0000000020fc0000)]
  0x000000001da21000 JavaThread "Build operations Thread 4" [_thread_blocked, id=8824, stack(0x0000000020bc0000,0x0000000020cc0000)]
  0x000000001da22000 JavaThread "Build operations Thread 3" [_thread_blocked, id=3288, stack(0x00000000206c0000,0x00000000207c0000)]
  0x000000001da1f000 JavaThread "Build operations Thread 2" [_thread_blocked, id=7368, stack(0x00000000205c0000,0x00000000206c0000)]
  0x000000001da23800 JavaThread "Build operations" [_thread_blocked, id=10360, stack(0x00000000204c0000,0x00000000205c0000)]
  0x000000001da17800 JavaThread "Cache worker for cache directory md-rule (C:\Users\Admin\.gradle\caches\5.4.1\md-rule)" [_thread_blocked, id=10092, stack(0x000000001ed50000,0x000000001ee50000)]
  0x000000001da19000 JavaThread "Cache worker for cache directory md-supplier (C:\Users\Admin\.gradle\caches\5.4.1\md-supplier)" [_thread_blocked, id=7120, stack(0x000000001d0b0000,0x000000001d1b0000)]
  0x000000001da1e000 JavaThread "Cache worker for file hash cache (C:\Users\Admin\Desktop\DocBaoOnline\.gradle\5.4.1\fileHashes)" [_thread_blocked, id=9820, stack(0x000000001a910000,0x000000001aa10000)]
  0x000000001da16800 JavaThread "Thread-51" [_thread_blocked, id=9832, stack(0x000000001a610000,0x000000001a710000)]
  0x000000001da1c000 JavaThread "Stdin handler" [_thread_blocked, id=3812, stack(0x000000001a510000,0x000000001a610000)]
  0x000000001da18000 JavaThread "Asynchronous log dispatcher for DefaultDaemonConnection: socket connection from /127.0.0.1:49987 to /127.0.0.1:50056" [_thread_blocked, id=8200, stack(0x000000001a210000,0x000000001a310000)]
  0x000000001da1a800 JavaThread "Daemon worker Thread 3" [_thread_blocked, id=9700, stack(0x000000001a110000,0x000000001a210000)]
  0x000000001da1d800 JavaThread "Cancel handler" [_thread_blocked, id=9032, stack(0x0000000002400000,0x0000000002500000)]
  0x000000001da16000 JavaThread "Handler for socket connection from /127.0.0.1:49987 to /127.0.0.1:50056" [_thread_in_native, id=7692, stack(0x0000000000aa0000,0x0000000000ba0000)]
  0x000000001da19800 JavaThread "Daemon Thread 3" [_thread_blocked, id=8716, stack(0x00000000009a0000,0x0000000000aa0000)]
  0x000000001da1c800 JavaThread "Memory manager" [_thread_blocked, id=2368, stack(0x00000000219c0000,0x0000000021ac0000)]
  0x000000001da1b000 JavaThread "Cache worker for execution history cache (C:\Users\Admin\.gradle\caches\5.4.1\executionHistory)" [_thread_blocked, id=2540, stack(0x000000001d1b0000,0x000000001d2b0000)]
  0x0000000018df0800 JavaThread "Cache worker for journal cache (C:\Users\Admin\.gradle\caches\journal-1)" [_thread_blocked, id=1728, stack(0x000000001ac10000,0x000000001ad10000)]
  0x0000000018df2000 JavaThread "File lock request listener" [_thread_in_native, id=2900, stack(0x000000001ab10000,0x000000001ac10000)]
  0x0000000018df0000 JavaThread "Cache worker for file hash cache (C:\Users\Admin\.gradle\caches\5.4.1\fileHashes)" [_thread_blocked, id=10732, stack(0x000000001aa10000,0x000000001ab10000)]
  0x0000000019144000 JavaThread "Daemon periodic checks" [_thread_blocked, id=10344, stack(0x000000001a010000,0x000000001a110000)]
  0x0000000019149000 JavaThread "Incoming local TCP Connector on port 49987" [_thread_in_native, id=892, stack(0x0000000019dd0000,0x0000000019ed0000)]
  0x0000000017c0f800 JavaThread "Daemon health stats" [_thread_blocked, id=948, stack(0x0000000019790000,0x0000000019890000)]
  0x00000000179f0800 JavaThread "Service Thread" daemon [_thread_blocked, id=1928, stack(0x0000000017dc0000,0x0000000017ec0000)]
  0x0000000016070000 JavaThread "C1 CompilerThread2" daemon [_thread_blocked, id=4868, stack(0x00000000178c0000,0x00000000179c0000)]
=>0x000000001606c000 JavaThread "C2 CompilerThread1" daemon [_thread_in_native, id=9676, stack(0x00000000177c0000,0x00000000178c0000)]
  0x0000000016068800 JavaThread "C2 CompilerThread0" daemon [_thread_blocked, id=6128, stack(0x00000000176c0000,0x00000000177c0000)]
  0x0000000016076800 JavaThread "Attach Listener" daemon [_thread_blocked, id=11208, stack(0x00000000175c0000,0x00000000176c0000)]
  0x0000000016075000 JavaThread "Signal Dispatcher" daemon [_thread_blocked, id=8704, stack(0x00000000174c0000,0x00000000175c0000)]
  0x00000000026fb000 JavaThread "Finalizer" daemon [_thread_blocked, id=8568, stack(0x00000000172c0000,0x00000000173c0000)]
  0x0000000016059000 JavaThread "Reference Handler" daemon [_thread_blocked, id=4876, stack(0x00000000171c0000,0x00000000172c0000)]
  0x0000000000c2e000 JavaThread "main" [_thread_blocked, id=7820, stack(0x0000000002500000,0x0000000002600000)]

Other Threads:
  0x0000000016036000 VMThread [stack: 0x00000000170c0000,0x00000000171c0000] [id=2708]
  0x0000000016084800 WatcherThread [stack: 0x0000000017ec0000,0x0000000017fc0000] [id=4580]

VM state:not at safepoint (normal execution)

VM Mutex/Monitor currently owned by a thread: None

heap address: 0x00000000a0000000, size: 1536 MB, Compressed Oops mode: 32-bit
Narrow klass base: 0x0000000000000000, Narrow klass shift: 3
Compressed class space size: 1073741824 Address: 0x0000000100000000

Heap:
 PSYoungGen      total 84992K, used 65845K [0x00000000e0000000, 0x00000000e8300000, 0x0000000100000000)
  eden space 52224K, 63% used [0x00000000e0000000,0x00000000e204ffe8,0x00000000e3300000)
  from space 32768K, 99% used [0x00000000e5800000,0x00000000e77fd480,0x00000000e7800000)
  to   space 37888K, 0% used [0x00000000e3300000,0x00000000e3300000,0x00000000e5800000)
 ParOldGen       total 120832K, used 43095K [0x00000000a0000000, 0x00000000a7600000, 0x00000000e0000000)
  object space 120832K, 35% used [0x00000000a0000000,0x00000000a2a15ee0,0x00000000a7600000)
 Metaspace       used 86281K, capacity 89148K, committed 90072K, reserved 1128448K
  class space    used 10983K, capacity 11573K, committed 11776K, reserved 1048576K

Card table byte_map: [0x0000000011ac0000,0x0000000011dd0000] byte_map_base: 0x00000000115c0000

Marking Bits: (ParMarkBitMap*) 0x00000000746e9f30
 Begin Bits: [0x00000000123d0000, 0x0000000013bd0000)
 End Bits:   [0x0000000013bd0000, 0x00000000153d0000)

Polling page: 0x0000000000840000

CodeCache: size=245760Kb used=48148Kb max_used=48161Kb free=197611Kb
 bounds [0x0000000002700000, 0x00000000056c0000, 0x0000000011700000]
 total_blobs=15131 nmethods=14165 adapters=877
 compilation: enabled

Compilation events (10 events):
Event: 2857.332 Thread 0x0000000016068800 16843       4       com.android.tools.r8.dex.DexOutputBuffer::b (19 bytes)
Event: 2857.337 Thread 0x0000000016068800 nmethod 16843 0x0000000002ad2790 code [0x0000000002ad2920, 0x0000000002ad2e68]
Event: 2857.337 Thread 0x0000000016068800 16745       4       com.android.tools.r8.graph.DexEncodedMethod::a (6 bytes)
Event: 2857.384 Thread 0x0000000016068800 nmethod 16745 0x0000000004716310 code [0x00000000047166a0, 0x0000000004718d80]
Event: 2857.384 Thread 0x0000000016068800 16733       4       com.android.tools.r8.dex.Marker::parse (94 bytes)
Event: 2857.386 Thread 0x0000000016068800 nmethod 16733 0x0000000004714310 code [0x00000000047144a0, 0x00000000047146d0]
Event: 2857.386 Thread 0x0000000016068800 16809       4       com.android.tools.r8.dex.DexOutputBuffer::a (123 bytes)
Event: 2857.396 Thread 0x0000000016068800 nmethod 16809 0x0000000004243190 code [0x0000000004243340, 0x0000000004243c68]
Event: 2857.396 Thread 0x0000000016068800 16615       4       com.android.tools.r8.graph.OffsetToObjectMapping::g (29 bytes)
Event: 2857.397 Thread 0x0000000016068800 nmethod 16615 0x0000000003c1ef90 code [0x0000000003c1f0c0, 0x0000000003c1f118]

GC Heap History (10 events):
Event: 2853.160 GC heap before
{Heap before GC invocations=45 (full 3):
 PSYoungGen      total 68608K, used 68581K [0x00000000e0000000, 0x00000000e6380000, 0x0000000100000000)
  eden space 53248K, 99% used [0x00000000e0000000,0x00000000e33f9ab8,0x00000000e3400000)
  from space 15360K, 99% used [0x00000000e3400000,0x00000000e42ffc30,0x00000000e4300000)
  to   space 20480K, 0% used [0x00000000e4f80000,0x00000000e4f80000,0x00000000e6380000)
 ParOldGen       total 80896K, used 64567K [0x00000000a0000000, 0x00000000a4f00000, 0x00000000e0000000)
  object space 80896K, 79% used [0x00000000a0000000,0x00000000a3f0de48,0x00000000a4f00000)
 Metaspace       used 86513K, capacity 89846K, committed 90072K, reserved 1128448K
  class space    used 11065K, capacity 11728K, committed 11776K, reserved 1048576K
Event: 2853.199 GC heap after
Heap after GC invocations=45 (full 3):
 PSYoungGen      total 73728K, used 20450K [0x00000000e0000000, 0x00000000e7300000, 0x0000000100000000)
  eden space 53248K, 0% used [0x00000000e0000000,0x00000000e0000000,0x00000000e3400000)
  from space 20480K, 99% used [0x00000000e4f80000,0x00000000e6378a10,0x00000000e6380000)
  to   space 28160K, 0% used [0x00000000e3400000,0x00000000e3400000,0x00000000e4f80000)
 ParOldGen       total 80896K, used 77901K [0x00000000a0000000, 0x00000000a4f00000, 0x00000000e0000000)
  object space 80896K, 96% used [0x00000000a0000000,0x00000000a4c13410,0x00000000a4f00000)
 Metaspace       used 86513K, capacity 89846K, committed 90072K, reserved 1128448K
  class space    used 11065K, capacity 11728K, committed 11776K, reserved 1048576K
}
Event: 2853.297 GC heap before
{Heap before GC invocations=46 (full 4):
 PSYoungGen      total 73728K, used 20450K [0x00000000e0000000, 0x00000000e7300000, 0x0000000100000000)
  eden space 53248K, 0% used [0x00000000e0000000,0x00000000e0000000,0x00000000e3400000)
  from space 20480K, 99% used [0x00000000e4f80000,0x00000000e6378a10,0x00000000e6380000)
  to   space 28160K, 0% used [0x00000000e3400000,0x00000000e3400000,0x00000000e4f80000)
 ParOldGen       total 80896K, used 77901K [0x00000000a0000000, 0x00000000a4f00000, 0x00000000e0000000)
  object space 80896K, 96% used [0x00000000a0000000,0x00000000a4c13410,0x00000000a4f00000)
 Metaspace       used 86513K, capacity 89846K, committed 90072K, reserved 1128448K
  class space    used 11065K, capacity 11728K, committed 11776K, reserved 1048576K
Event: 2854.281 GC heap after
Heap after GC invocations=46 (full 4):
 PSYoungGen      total 73728K, used 0K [0x00000000e0000000, 0x00000000e7300000, 0x0000000100000000)
  eden space 53248K, 0% used [0x00000000e0000000,0x00000000e0000000,0x00000000e3400000)
  from space 20480K, 0% used [0x00000000e4f80000,0x00000000e4f80000,0x00000000e6380000)
  to   space 28160K, 0% used [0x00000000e3400000,0x00000000e3400000,0x00000000e4f80000)
 ParOldGen       total 80896K, used 69845K [0x00000000a0000000, 0x00000000a4f00000, 0x00000000e0000000)
  object space 80896K, 86% used [0x00000000a0000000,0x00000000a4435598,0x00000000a4f00000)
 Metaspace       used 86169K, capacity 89064K, committed 90072K, reserved 1128448K
  class space    used 10977K, capacity 11569K, committed 11776K, reserved 1048576K
}
Event: 2854.838 GC heap before
{Heap before GC invocations=47 (full 5):
 PSYoungGen      total 73728K, used 53248K [0x00000000e0000000, 0x00000000e7300000, 0x0000000100000000)
  eden space 53248K, 100% used [0x00000000e0000000,0x00000000e3400000,0x00000000e3400000)
  from space 20480K, 0% used [0x00000000e4f80000,0x00000000e4f80000,0x00000000e6380000)
  to   space 28160K, 0% used [0x00000000e3400000,0x00000000e3400000,0x00000000e4f80000)
 ParOldGen       total 80896K, used 69845K [0x00000000a0000000, 0x00000000a4f00000, 0x00000000e0000000)
  object space 80896K, 86% used [0x00000000a0000000,0x00000000a4435598,0x00000000a4f00000)
 Metaspace       used 86199K, capacity 89064K, committed 90072K, reserved 1128448K
  class space    used 10977K, capacity 11569K, committed 11776K, reserved 1048576K
Event: 2854.951 GC heap after
Heap after GC invocations=47 (full 5):
 PSYoungGen      total 73728K, used 0K [0x00000000e0000000, 0x00000000e7300000, 0x0000000100000000)
  eden space 53248K, 0% used [0x00000000e0000000,0x00000000e0000000,0x00000000e3400000)
  from space 20480K, 0% used [0x00000000e4f80000,0x00000000e4f80000,0x00000000e6380000)
  to   space 28160K, 0% used [0x00000000e3400000,0x00000000e3400000,0x00000000e4f80000)
 ParOldGen       total 120832K, used 38679K [0x00000000a0000000, 0x00000000a7600000, 0x00000000e0000000)
  object space 120832K, 32% used [0x00000000a0000000,0x00000000a25c5c60,0x00000000a7600000)
 Metaspace       used 86199K, capacity 89064K, committed 90072K, reserved 1128448K
  class space    used 10977K, capacity 11569K, committed 11776K, reserved 1048576K
}
Event: 2855.567 GC heap before
{Heap before GC invocations=48 (full 5):
 PSYoungGen      total 73728K, used 53248K [0x00000000e0000000, 0x00000000e7300000, 0x0000000100000000)
  eden space 53248K, 100% used [0x00000000e0000000,0x00000000e3400000,0x00000000e3400000)
  from space 20480K, 0% used [0x00000000e4f80000,0x00000000e4f80000,0x00000000e6380000)
  to   space 28160K, 0% used [0x00000000e3400000,0x00000000e3400000,0x00000000e4f80000)
 ParOldGen       total 120832K, used 38679K [0x00000000a0000000, 0x00000000a7600000, 0x00000000e0000000)
  object space 120832K, 32% used [0x00000000a0000000,0x00000000a25c5c60,0x00000000a7600000)
 Metaspace       used 86236K, capacity 89136K, committed 90072K, reserved 1128448K
  class space    used 10977K, capacity 11569K, committed 11776K, reserved 1048576K
Event: 2855.639 GC heap after
Heap after GC invocations=48 (full 5):
 PSYoungGen      total 81408K, used 27821K [0x00000000e0000000, 0x00000000e7800000, 0x0000000100000000)
  eden space 53248K, 0% used [0x00000000e0000000,0x00000000e0000000,0x00000000e3400000)
  from space 28160K, 98% used [0x00000000e3400000,0x00000000e4f2b478,0x00000000e4f80000)
  to   space 32768K, 0% used [0x00000000e5800000,0x00000000e5800000,0x00000000e7800000)
 ParOldGen       total 120832K, used 38679K [0x00000000a0000000, 0x00000000a7600000, 0x00000000e0000000)
  object space 120832K, 32% used [0x00000000a0000000,0x00000000a25c5c60,0x00000000a7600000)
 Metaspace       used 86236K, capacity 89136K, committed 90072K, reserved 1128448K
  class space    used 10977K, capacity 11569K, committed 11776K, reserved 1048576K
}
Event: 2856.256 GC heap before
{Heap before GC invocations=49 (full 5):
 PSYoungGen      total 81408K, used 81069K [0x00000000e0000000, 0x00000000e7800000, 0x0000000100000000)
  eden space 53248K, 100% used [0x00000000e0000000,0x00000000e3400000,0x00000000e3400000)
  from space 28160K, 98% used [0x00000000e3400000,0x00000000e4f2b478,0x00000000e4f80000)
  to   space 32768K, 0% used [0x00000000e5800000,0x00000000e5800000,0x00000000e7800000)
 ParOldGen       total 120832K, used 38679K [0x00000000a0000000, 0x00000000a7600000, 0x00000000e0000000)
  object space 120832K, 32% used [0x00000000a0000000,0x00000000a25c5c60,0x00000000a7600000)
 Metaspace       used 86244K, capacity 89136K, committed 90072K, reserved 1128448K
  class space    used 10977K, capacity 11569K, committed 11776K, reserved 1048576K
Event: 2856.292 GC heap after
Heap after GC invocations=49 (full 5):
 PSYoungGen      total 84992K, used 32757K [0x00000000e0000000, 0x00000000e8300000, 0x0000000100000000)
  eden space 52224K, 0% used [0x00000000e0000000,0x00000000e0000000,0x00000000e3300000)
  from space 32768K, 99% used [0x00000000e5800000,0x00000000e77fd480,0x00000000e7800000)
  to   space 37888K, 0% used [0x00000000e3300000,0x00000000e3300000,0x00000000e5800000)
 ParOldGen       total 120832K, used 43095K [0x00000000a0000000, 0x00000000a7600000, 0x00000000e0000000)
  object space 120832K, 35% used [0x00000000a0000000,0x00000000a2a15ee0,0x00000000a7600000)
 Metaspace       used 86244K, capacity 89136K, committed 90072K, reserved 1128448K
  class space    used 10977K, capacity 11569K, committed 11776K, reserved 1048576K
}

Deoptimization events (10 events):
Event: 2855.696 Thread 0x000000001f781800 Uncommon trap: reason=class_check action=maybe_recompile pc=0x0000000005432010 method=java.util.stream.SortedOps$SizedRefSortingSink.end()V @ 25
Event: 2855.710 Thread 0x000000001f781800 Uncommon trap: reason=unstable_if action=reinterpret pc=0x0000000004d82390 method=com.android.tools.r8.graph.DexString.slowCompareTo(Lcom/android/tools/r8/graph/DexString;)I @ 57
Event: 2855.942 Thread 0x000000001f781800 Uncommon trap: reason=unstable_if action=reinterpret pc=0x0000000005508ea4 method=java.util.HashMap.getNode(ILjava/lang/Object;)Ljava/util/HashMap$Node; @ 84
Event: 2855.943 Thread 0x000000001f781800 Uncommon trap: reason=unstable_if action=reinterpret pc=0x0000000002c4cbec method=java.util.HashMap.getNode(ILjava/lang/Object;)Ljava/util/HashMap$Node; @ 84
Event: 2855.943 Thread 0x000000001f781800 Uncommon trap: reason=unstable_if action=reinterpret pc=0x00000000028d2a90 method=java.util.HashMap.getNode(ILjava/lang/Object;)Ljava/util/HashMap$Node; @ 84
Event: 2855.943 Thread 0x000000001f781800 Uncommon trap: reason=unstable_if action=reinterpret pc=0x0000000002fa64ac method=java.util.HashMap.getNode(ILjava/lang/Object;)Ljava/util/HashMap$Node; @ 84
Event: 2855.946 Thread 0x000000001f781800 Uncommon trap: reason=unstable_if action=reinterpret pc=0x00000000029e2ebc method=java.util.HashMap.resize()[Ljava/util/HashMap$Node; @ 206
Event: 2856.563 Thread 0x000000001da16800 Uncommon trap: reason=unstable_if action=reinterpret pc=0x0000000003c6a2e4 method=com.esotericsoftware.kryo.io.Output.writeBytes([BII)V @ 61
Event: 2856.793 Thread 0x0000000018def000 Uncommon trap: reason=class_check action=maybe_recompile pc=0x000000000415f25c method=com.sun.org.apache.xerces.internal.impl.XMLEntityManager.setProperty(Ljava/lang/String;Ljava/lang/Object;)V @ 102
Event: 2856.796 Thread 0x0000000018def000 Uncommon trap: reason=class_check action=maybe_recompile pc=0x0000000004198b14 method=com.sun.org.apache.xerces.internal.parsers.AbstractSAXParser.startNamespaceMapping()V @ 65

Classes redefined (0 events):
No events

Internal exceptions (10 events):
Event: 2850.304 Thread 0x000000001f788000 Exception <a 'sun/nio/fs/WindowsException'> (0x00000000e1c366f0) thrown at [D:\src\AOSP-openjdk-cygwin\jdk8u\hotspot\src\share\vm\prims\jni.cpp, line 710]
Event: 2850.306 Thread 0x000000001f788000 Exception <a 'sun/nio/fs/WindowsException'> (0x00000000e1cbcdd8) thrown at [D:\src\AOSP-openjdk-cygwin\jdk8u\hotspot\src\share\vm\prims\jni.cpp, line 710]
Event: 2850.309 Thread 0x000000001f788000 Exception <a 'sun/nio/fs/WindowsException'> (0x00000000e1d0fe68) thrown at [D:\src\AOSP-openjdk-cygwin\jdk8u\hotspot\src\share\vm\prims\jni.cpp, line 710]
Event: 2850.758 Thread 0x0000000018def000 Exception <a 'java/lang/NoSuchMethodError': <clinit>> (0x00000000e2389828) thrown at [D:\src\AOSP-openjdk-cygwin\jdk8u\hotspot\src\share\vm\prims\jni.cpp, line 1614]
Event: 2851.693 Thread 0x000000001f785800 Exception <a 'sun/nio/fs/WindowsException'> (0x00000000e14e5c28) thrown at [D:\src\AOSP-openjdk-cygwin\jdk8u\hotspot\src\share\vm\prims\jni.cpp, line 710]
Event: 2851.908 Thread 0x00000000224a5000 Implicit null exception at 0x0000000003a2e2ef to 0x0000000003a2e3e1
Event: 2853.096 Thread 0x00000000224a5000 Implicit null exception at 0x000000000441dc8f to 0x000000000441ddfd
Event: 2854.607 Thread 0x00000000224a5000 Exception <a 'sun/nio/fs/WindowsException'> (0x00000000e2f826e0) thrown at [D:\src\AOSP-openjdk-cygwin\jdk8u\hotspot\src\share\vm\prims\jni.cpp, line 710]
Event: 2855.265 Thread 0x000000001f781800 Exception <a 'sun/nio/fs/WindowsException'> (0x00000000e0219c08) thrown at [D:\src\AOSP-openjdk-cygwin\jdk8u\hotspot\src\share\vm\prims\jni.cpp, line 710]
Event: 2856.513 Thread 0x00000000224a1800 Exception <a 'sun/nio/fs/WindowsException'> (0x00000000e1ecc7e0) thrown at [D:\src\AOSP-openjdk-cygwin\jdk8u\hotspot\src\share\vm\prims\jni.cpp, line 710]

Events (10 events):
Event: 2857.010 loading class com/android/builder/packaging/PackageEmbeddedDex
Event: 2857.010 loading class com/android/builder/packaging/PackageEmbeddedDex done
Event: 2857.018 Executing VM operation: RevokeBias
Event: 2857.019 Executing VM operation: RevokeBias done
Event: 2857.020 Executing VM operation: RevokeBias
Event: 2857.021 Executing VM operation: RevokeBias done
Event: 2857.023 loading class com/google/common/collect/ImmutableBiMap
Event: 2857.023 loading class com/google/common/collect/ImmutableBiMap done
Event: 2857.111 loading class com/google/common/collect/RegularImmutableBiMap
Event: 2857.111 loading class com/google/common/collect/RegularImmutableBiMap done


Dynamic libraries:
0x00007ff630230000 - 0x00007ff630261000 	C:\Program Files\Android\Android Studio\jre\bin\java.exe
0x00007ffe6e4c0000 - 0x00007ffe6e6b0000 	C:\WINDOWS\SYSTEM32\ntdll.dll
0x00007ffe6ca90000 - 0x00007ffe6cb42000 	C:\WINDOWS\System32\KERNEL32.DLL
0x00007ffe6b6a0000 - 0x00007ffe6b944000 	C:\WINDOWS\System32\KERNELBASE.dll
0x00007ffe6da00000 - 0x00007ffe6daa3000 	C:\WINDOWS\System32\ADVAPI32.dll
0x00007ffe6c570000 - 0x00007ffe6c60e000 	C:\WINDOWS\System32\msvcrt.dll
0x00007ffe6dcf0000 - 0x00007ffe6dd87000 	C:\WINDOWS\System32\sechost.dll
0x00007ffe6d760000 - 0x00007ffe6d880000 	C:\WINDOWS\System32\RPCRT4.dll
0x00007ffe6d410000 - 0x00007ffe6d5a4000 	C:\WINDOWS\System32\USER32.dll
0x00007ffe6c540000 - 0x00007ffe6c561000 	C:\WINDOWS\System32\win32u.dll
0x00007ffe6cb80000 - 0x00007ffe6cba6000 	C:\WINDOWS\System32\GDI32.dll
0x00007ffe6b500000 - 0x00007ffe6b694000 	C:\WINDOWS\System32\gdi32full.dll
0x00007ffe6b950000 - 0x00007ffe6b9ee000 	C:\WINDOWS\System32\msvcp_win.dll
0x00007ffe6bb00000 - 0x00007ffe6bbfa000 	C:\WINDOWS\System32\ucrtbase.dll
0x00007ffe5a4b0000 - 0x00007ffe5a734000 	C:\WINDOWS\WinSxS\amd64_microsoft.windows.common-controls_6595b64144ccf1df_6.0.18362.836_none_e6c4b943130f18ed\COMCTL32.dll
0x00007ffe6cbb0000 - 0x00007ffe6cee6000 	C:\WINDOWS\System32\combase.dll
0x00007ffe6b450000 - 0x00007ffe6b4d0000 	C:\WINDOWS\System32\bcryptPrimitives.dll
0x00007ffe6cb50000 - 0x00007ffe6cb7e000 	C:\WINDOWS\System32\IMM32.DLL
0x0000000073e40000 - 0x0000000073f12000 	C:\Program Files\Android\Android Studio\jre\jre\bin\msvcr100.dll
0x0000000073f20000 - 0x0000000074766000 	C:\Program Files\Android\Android Studio\jre\jre\bin\server\jvm.dll
0x00007ffe6d620000 - 0x00007ffe6d628000 	C:\WINDOWS\System32\PSAPI.DLL
0x00007ffe583f0000 - 0x00007ffe583f9000 	C:\WINDOWS\SYSTEM32\WSOCK32.dll
0x00007ffe68490000 - 0x00007ffe684b4000 	C:\WINDOWS\SYSTEM32\WINMM.dll
0x00007ffe6d630000 - 0x00007ffe6d69f000 	C:\WINDOWS\System32\WS2_32.dll
0x00007ffe58d30000 - 0x00007ffe58d3a000 	C:\WINDOWS\SYSTEM32\VERSION.dll
0x00007ffe68460000 - 0x00007ffe6848d000 	C:\WINDOWS\SYSTEM32\WINMMBASE.dll
0x00007ffe6bc20000 - 0x00007ffe6bc6a000 	C:\WINDOWS\System32\cfgmgr32.dll
0x00007ffe62260000 - 0x00007ffe6226f000 	C:\Program Files\Android\Android Studio\jre\jre\bin\verify.dll
0x00007ffe5bc90000 - 0x00007ffe5bcb9000 	C:\Program Files\Android\Android Studio\jre\jre\bin\java.dll
0x00007ffe5b130000 - 0x00007ffe5b146000 	C:\Program Files\Android\Android Studio\jre\jre\bin\zip.dll
0x00007ffe6dd90000 - 0x00007ffe6e474000 	C:\WINDOWS\System32\SHELL32.dll
0x00007ffe6d360000 - 0x00007ffe6d409000 	C:\WINDOWS\System32\shcore.dll
0x00007ffe6bdc0000 - 0x00007ffe6c53e000 	C:\WINDOWS\System32\windows.storage.dll
0x00007ffe6b420000 - 0x00007ffe6b443000 	C:\WINDOWS\System32\profapi.dll
0x00007ffe6b3b0000 - 0x00007ffe6b3fa000 	C:\WINDOWS\System32\powrprof.dll
0x00007ffe6b380000 - 0x00007ffe6b390000 	C:\WINDOWS\System32\UMPDC.dll
0x00007ffe6d300000 - 0x00007ffe6d352000 	C:\WINDOWS\System32\shlwapi.dll
0x00007ffe6b400000 - 0x00007ffe6b411000 	C:\WINDOWS\System32\kernel.appcore.dll
0x00007ffe6bc00000 - 0x00007ffe6bc17000 	C:\WINDOWS\System32\cryptsp.dll
0x00007ffe5b110000 - 0x00007ffe5b12a000 	C:\Program Files\Android\Android Studio\jre\jre\bin\net.dll
0x00007ffe6abf0000 - 0x00007ffe6ac57000 	C:\WINDOWS\system32\mswsock.dll
0x00007ffe5a490000 - 0x00007ffe5a4a1000 	C:\Program Files\Android\Android Studio\jre\jre\bin\nio.dll
0x00007ffe5a7f0000 - 0x00007ffe5a816000 	C:\Users\Admin\.gradle\native\29\windows-amd64\native-platform.dll
0x00007ffe61050000 - 0x00007ffe6105d000 	C:\Program Files\Android\Android Studio\jre\jre\bin\management.dll
0x00007ffe6a760000 - 0x00007ffe6a793000 	C:\WINDOWS\system32\rsaenh.dll
0x00007ffe6b4d0000 - 0x00007ffe6b4f6000 	C:\WINDOWS\System32\bcrypt.dll
0x00007ffe6b2a0000 - 0x00007ffe6b2c5000 	C:\WINDOWS\SYSTEM32\USERENV.dll
0x00007ffe6adc0000 - 0x00007ffe6adcc000 	C:\WINDOWS\SYSTEM32\CRYPTBASE.dll
0x00007ffe6a900000 - 0x00007ffe6a93a000 	C:\WINDOWS\SYSTEM32\IPHLPAPI.DLL
0x00007ffe6ca80000 - 0x00007ffe6ca88000 	C:\WINDOWS\System32\NSI.dll
0x00007ffe647b0000 - 0x00007ffe647c6000 	C:\WINDOWS\SYSTEM32\dhcpcsvc6.DLL
0x00007ffe64a70000 - 0x00007ffe64a8c000 	C:\WINDOWS\SYSTEM32\dhcpcsvc.DLL
0x00007ffe6a9a0000 - 0x00007ffe6aa6b000 	C:\WINDOWS\SYSTEM32\DNSAPI.dll
0x00007ffe34330000 - 0x00007ffe344cc000 	C:\Program Files\Android\Android Studio\jre\jre\bin\awt.dll
0x00007ffe6d0f0000 - 0x00007ffe6d1b4000 	C:\WINDOWS\System32\OLEAUT32.dll
0x00007ffe68ab0000 - 0x00007ffe68add000 	C:\WINDOWS\SYSTEM32\dwmapi.dll
0x00007ffe67250000 - 0x00007ffe67810000 	C:\WINDOWS\SYSTEM32\d2d1.dll
0x00007ffe683d0000 - 0x00007ffe6845f000 	C:\WINDOWS\SYSTEM32\apphelp.dll
0x00007ffe68910000 - 0x00007ffe689a9000 	C:\WINDOWS\system32\uxtheme.dll

VM Arguments:
jvm_args: -Xmx1536m -Dfile.encoding=windows-1252 -Duser.country=US -Duser.language=en -Duser.variant 
java_command: org.gradle.launcher.daemon.bootstrap.GradleDaemon 5.4.1
java_class_path (initial): C:\Users\Admin\.gradle\wrapper\dists\gradle-5.4.1-all\3221gyojl5jsh0helicew7rwx\gradle-5.4.1\lib\gradle-launcher-5.4.1.jar
Launcher Type: SUN_STANDARD

Environment Variables:
PATH=C:\Program Files (x86)\Common Files\Oracle\Java\javapath;C:\WINDOWS\system32;C:\WINDOWS;C:\WINDOWS\System32\Wbem;C:\WINDOWS\System32\WindowsPowerShell\v1.0\;C:\WINDOWS\System32\OpenSSH\;C:\Program Files\dotnet\;C:\Program Files\Microsoft SQL Server\130\Tools\Binn\;C:\Program Files\Microsoft SQL Server\Client SDK\ODBC\170\Tools\Binn\;C:\Program Files\Microsoft SQL Server\Client SDK\ODBC\130\Tools\Binn\;C:\Program Files (x86)\Microsoft SQL Server\140\Tools\Binn\;C:\Program Files\Microsoft SQL Server\140\Tools\Binn\;C:\Program Files\Microsoft SQL Server\140\DTS\Binn\;C:\Program Files (x86)\Microsoft SQL Server\150\DTS\Binn\;C:\Users\Admin\AppData\Local\Microsoft\WindowsApps;C:\adb;C:\WINDOWS\system32;C:\WINDOWS;C:\WINDOWS\System32\Wbem;C:\WINDOWS\System32\WindowsPowerShell\v1.0\;C:\WINDOWS\System32\OpenSSH\;H:\Git\cmd;C:\Users\Admin\AppData\Local\Microsoft\WindowsApps;;G:\IntelliJ IDEA 2019.2.4\bin;
USERNAME=Admin
OS=Windows_NT
PROCESSOR_IDENTIFIER=Intel64 Family 6 Model 142 Stepping 9, GenuineIntel



---------------  S Y S T E M  ---------------

OS: Windows 10.0 , 64 bit Build 18362 (10.0.18362.778)

CPU:total 4 (initial active 4) (2 cores per cpu, 2 threads per core) family 6 model 142 stepping 9, cmov, cx8, fxsr, mmx, sse, sse2, sse3, ssse3, sse4.1, sse4.2, popcnt, avx, avx2, aes, clmul, erms, 3dnowpref, lzcnt, ht, tsc, tscinvbit, bmi1, bmi2, adx

Memory: 4k page, physical 4060308k(460584k free), swap 5484692k(9220k free)

vm_info: OpenJDK 64-Bit Server VM (25.202-b03) for windows-amd64 JRE (1.8.0_202-release-1483-b03), built by "builder" with MS VC++ 10.0 (VS2010)

time: Sun Jun 07 11:55:08 2020
timezone: SE Asia Standard Time
elapsed time: 2857 seconds (0d 0h 47m 37s)

